<?xml version="1.0" encoding="UTF-8"?>
<!-- Generated by org.testng.reporters.JUnitXMLReporter -->
<testsuite hostname="Abhisheks-MBP.fritz.box" name="Finleap Web Test Cases" tests="2" failures="1" timestamp="11 Mar 2020 11:47:38 GMT" time="16.098" errors="0">
  <testcase name="loginTest" time="10.433" classname="com.fin.qa.testcases.LoginTest"/>
  <testcase name="loginPageTitleTest" time="0.003" classname="com.fin.qa.testcases.LoginTest">
    <failure type="java.lang.NullPointerException">
      <![CDATA[java.lang.NullPointerException
	at com.fin.qa.testcases.LoginTest.loginPageTitleTest(LoginTest.java:42)
... Removed 24 stack frames]]>
    </failure>
  </testcase> <!-- loginPageTitleTest -->
</testsuite> <!-- Finleap Web Test Cases -->
